Using pre-set license
Built from '2020.3/staging' branch; Version is '2020.3.26f1 (7298b473bc1a) revision 7510196'; Using compiler version '192528614'; Build Type 'Release'
OS: 'Windows 11  (10.0.22000) 64bit Core' Language: 'ko' Physical Memory: 7778 MB
BatchMode: 1, IsHumanControllingUs: 0, StartBugReporterOnCrash: 0, Is64bit: 1, IsPro: 0

COMMAND LINE ARGUMENTS:
F:\Program Files\Unity\Hub\Editor\2020.3.26f1\Editor\Unity.exe
-adb2
-batchMode
-noUpm
-name
AssetImportWorker1
-projectPath
F:/Projects/Unity Projects/CapstoneProject
-logFile
Logs/AssetImportWorker1.log
-srvPort
13554
Successfully changed project path to: F:/Projects/Unity Projects/CapstoneProject
F:/Projects/Unity Projects/CapstoneProject
Using Asset Import Pipeline V2.
Refreshing native plugins compatible for Editor in 154.17 ms, found 6 plugins.
Preloading 0 native plugins for Editor in 0.00 ms.
Initialize engine version: 2020.3.26f1 (7298b473bc1a)
[Subsystems] Discovering subsystems at path F:/Program Files/Unity/Hub/Editor/2020.3.26f1/Editor/Data/Resources/UnitySubsystems
[Subsystems] Discovering subsystems at path F:/Projects/Unity Projects/CapstoneProject/Assets
GfxDevice: creating device client; threaded=0
Direct3D:
    Version:  Direct3D 11.0 [level 11.1]
    Renderer: Intel(R) Iris(R) Plus Graphics (ID=0x8a52)
    Vendor:   
    VRAM:     3889 MB
    Driver:   30.0.101.1660
Initialize mono
Mono path[0] = 'F:/Program Files/Unity/Hub/Editor/2020.3.26f1/Editor/Data/Managed'
Mono path[1] = 'F:/Program Files/Unity/Hub/Editor/2020.3.26f1/Editor/Data/MonoBleedingEdge/lib/mono/unityjit'
Mono config path = 'F:/Program Files/Unity/Hub/Editor/2020.3.26f1/Editor/Data/MonoBleedingEdge/etc'
Using monoOptions --debugger-agent=transport=dt_socket,embedding=1,server=y,suspend=n,address=127.0.0.1:56760
Begin MonoManager ReloadAssembly
Registering precompiled unity dll's ...
Register platform support module: F:/Program Files/Unity/Hub/Editor/2020.3.26f1/Editor/Data/PlaybackEngines/WindowsStandaloneSupport/UnityEditor.WindowsStandalone.Extensions.dll
Registered in 0.001995 seconds.
Native extension for WindowsStandalone target not found
Refreshing native plugins compatible for Editor in 113.19 ms, found 6 plugins.
Preloading 0 native plugins for Editor in 0.00 ms.
Mono: successfully reloaded assembly
- Completed reload, in  0.697 seconds
Domain Reload Profiling:
	ReloadAssembly (697ms)
		BeginReloadAssembly (80ms)
			ExecutionOrderSort (0ms)
			DisableScriptedObjects (0ms)
			BackupInstance (0ms)
			ReleaseScriptingObjects (0ms)
			CreateAndSetChildDomain (1ms)
		EndReloadAssembly (544ms)
			LoadAssemblies (78ms)
			RebuildTransferFunctionScriptingTraits (0ms)
			SetupTypeCache (143ms)
			ReleaseScriptCaches (0ms)
			RebuildScriptCaches (30ms)
			SetupLoadedEditorAssemblies (259ms)
				LogAssemblyErrors (0ms)
				InitializePlatformSupportModulesInManaged (5ms)
				SetLoadedEditorAssemblies (0ms)
				RefreshPlugins (113ms)
				BeforeProcessingInitializeOnLoad (27ms)
				ProcessInitializeOnLoadAttributes (85ms)
				ProcessInitializeOnLoadMethodAttributes (29ms)
				AfterProcessingInitializeOnLoad (0ms)
				EditorAssembliesLoaded (0ms)
			ExecutionOrderSort2 (0ms)
			AwakeInstancesAfterBackupRestoration (0ms)
Platform modules already initialized, skipping
Registering precompiled user dll's ...
Registered in 0.066615 seconds.
Begin MonoManager ReloadAssembly
Native extension for WindowsStandalone target not found
Refreshing native plugins compatible for Editor in 1.40 ms, found 6 plugins.
Preloading 0 native plugins for Editor in 0.00 ms.
Mono: successfully reloaded assembly
- Completed reload, in  8.545 seconds
Domain Reload Profiling:
	ReloadAssembly (8551ms)
		BeginReloadAssembly (161ms)
			ExecutionOrderSort (0ms)
			DisableScriptedObjects (5ms)
			BackupInstance (0ms)
			ReleaseScriptingObjects (0ms)
			CreateAndSetChildDomain (17ms)
		EndReloadAssembly (8321ms)
			LoadAssemblies (4067ms)
			RebuildTransferFunctionScriptingTraits (0ms)
			SetupTypeCache (516ms)
			ReleaseScriptCaches (0ms)
			RebuildScriptCaches (62ms)
			SetupLoadedEditorAssemblies (3601ms)
				LogAssemblyErrors (0ms)
				InitializePlatformSupportModulesInManaged (4ms)
				SetLoadedEditorAssemblies (1ms)
				RefreshPlugins (1ms)
				BeforeProcessingInitializeOnLoad (135ms)
				ProcessInitializeOnLoadAttributes (2377ms)
				ProcessInitializeOnLoadMethodAttributes (1076ms)
				AfterProcessingInitializeOnLoad (6ms)
				EditorAssembliesLoaded (0ms)
			ExecutionOrderSort2 (0ms)
			AwakeInstancesAfterBackupRestoration (7ms)
Platform modules already initialized, skipping
========================================================================
Worker process is ready to serve import requests
Launched and connected shader compiler UnityShaderCompiler.exe after 0.16 seconds
Refreshing native plugins compatible for Editor in 1.43 ms, found 6 plugins.
Preloading 0 native plugins for Editor in 0.00 ms.
Unloading 2936 Unused Serialized files (Serialized files now loaded: 0)
System memory in use before: 143.0 MB.
System memory in use after: 143.2 MB.

Unloading 81 unused Assets to reduce memory usage. Loaded Objects now: 3315.
Total: 3.753300 ms (FindLiveObjects: 0.211900 ms CreateObjectMapping: 0.107200 ms MarkObjects: 3.304800 ms  DeleteObjects: 0.127500 ms)

AssetImportParameters requested are different than current active one (requested -> active):
  custom:framework-win-MediaFoundation: 216162199b28c13a410421893ffa2e32 -> 
  custom:video-decoder-ogg-theora: a1e56fd34408186e4bbccfd4996cb3dc -> 
  custom:container-muxer-webm: aa71ff27fc2769a1b78a27578f13a17b -> 
  custom:container-demuxer-webm: 4f35f7cbe854078d1ac9338744f61a02 -> 
  custom:container-demuxer-ogg: 62fdf1f143b41e24485cea50d1cbac27 -> 
  custom:video-encoder-webm-vp8: eb34c28f22e8b96e1ab97ce403110664 -> 
  custom:video-codec-MediaFoundation-h265: 746d11721c4dcdbdad8f713fa42b33f4 -> 
  custom:video-decoder-webm-vp8: 9c59270c3fd7afecdb556c50c9e8de78 -> 
  custom:audio-decoder-ogg-vorbis: bf7c407c2cedff20999df2af8eb42d56 -> 
  custom:audio-encoder-webm-vorbis: bf7c407c2cedff20999df2af8eb42d56 -> 
========================================================================
Received Import Request.
  path: Assets/01.Scenes/LobbyScene.unity
  artifactKey: Guid(eec39925fe89f2c49bac76dc5c396252) Importer(815301076,1909f56bfc062723c751e8b465ee728b)
Start importing Assets/01.Scenes/LobbyScene.unity using Guid(eec39925fe89f2c49bac76dc5c396252) Importer(815301076,1909f56bfc062723c751e8b465ee728b)  -> (artifact id: '7a60f7aa26f934dd7a1899a54fa5b6c1') in 0.066490 seconds 
  Import took 0.072273 seconds .

========================================================================
Received Import Request.
  Time since last request: 7.728119 seconds.
  path: Assets/Scene/capstoneScene.unity
  artifactKey: Guid(1237e98bfbc330b4193c3f273d1444b7) Importer(815301076,1909f56bfc062723c751e8b465ee728b)
Start importing Assets/Scene/capstoneScene.unity using Guid(1237e98bfbc330b4193c3f273d1444b7) Importer(815301076,1909f56bfc062723c751e8b465ee728b)  -> (artifact id: '69b4478465386c4e34a35a210433c6aa') in 0.065009 seconds 
  Import took 0.071544 seconds .

========================================================================
Received Import Request.
  Time since last request: 30.569102 seconds.
  path: Assets/Scene/secondFloor.unity
  artifactKey: Guid(87d8cf5419b4c3447b220e63fb52cca7) Importer(815301076,1909f56bfc062723c751e8b465ee728b)
Start importing Assets/Scene/secondFloor.unity using Guid(87d8cf5419b4c3447b220e63fb52cca7) Importer(815301076,1909f56bfc062723c751e8b465ee728b)  -> (artifact id: '15717fb6047dbf28eadff0a4337965c8') in 0.064529 seconds 
  Import took 0.070591 seconds .

========================================================================
Received Import Request.
  Time since last request: 49.381083 seconds.
  path: Assets/Scene/secondFloor2.unity
  artifactKey: Guid(b75ade73dabbde746b31c4b34bdad2db) Importer(815301076,1909f56bfc062723c751e8b465ee728b)
Start importing Assets/Scene/secondFloor2.unity using Guid(b75ade73dabbde746b31c4b34bdad2db) Importer(815301076,1909f56bfc062723c751e8b465ee728b)  -> (artifact id: '392b91b74f29ea6739f69c99ea4ce135') in 0.073095 seconds 
  Import took 0.084425 seconds .

========================================================================
Received Import Request.
  Time since last request: 37.486161 seconds.
  path: Assets/Scene/thirdFloor.unity
  artifactKey: Guid(9e94223fea2edbb45a3c979e0b12976e) Importer(815301076,1909f56bfc062723c751e8b465ee728b)
Start importing Assets/Scene/thirdFloor.unity using Guid(9e94223fea2edbb45a3c979e0b12976e) Importer(815301076,1909f56bfc062723c751e8b465ee728b)  -> (artifact id: '5f758a4a8fb12f8a79ea3de941059673') in 0.071445 seconds 
  Import took 0.081288 seconds .

========================================================================
Received Import Request.
  Time since last request: 63.589523 seconds.
  path: Assets/Scene/thirdFloor2.unity
  artifactKey: Guid(036f35e138ebdc14f8a877eee59a6e1a) Importer(815301076,1909f56bfc062723c751e8b465ee728b)
Start importing Assets/Scene/thirdFloor2.unity using Guid(036f35e138ebdc14f8a877eee59a6e1a) Importer(815301076,1909f56bfc062723c751e8b465ee728b)  -> (artifact id: '608a276951a462f15f93985902d15fa8') in 0.138469 seconds 
  Import took 0.154065 seconds .

========================================================================
Received Import Request.
  Time since last request: 4.585548 seconds.
  path: Assets/Scene/turnul.unity
  artifactKey: Guid(074e23fec0abaf9489b5a802cfa8110e) Importer(815301076,1909f56bfc062723c751e8b465ee728b)
Start importing Assets/Scene/turnul.unity using Guid(074e23fec0abaf9489b5a802cfa8110e) Importer(815301076,1909f56bfc062723c751e8b465ee728b)  -> (artifact id: '58fd93ad638e8715db246b8f9a9215b7') in 0.065329 seconds 
  Import took 0.073689 seconds .

========================================================================
Received Prepare
Registering precompiled user dll's ...
Registered in 1.015880 seconds.
Begin MonoManager ReloadAssembly
Native extension for WindowsStandalone target not found
Refreshing native plugins compatible for Editor in 1.45 ms, found 6 plugins.
Preloading 0 native plugins for Editor in 0.00 ms.
Mono: successfully reloaded assembly
- Completed reload, in  1.985 seconds
Domain Reload Profiling:
	ReloadAssembly (1987ms)
		BeginReloadAssembly (328ms)
			ExecutionOrderSort (0ms)
			DisableScriptedObjects (17ms)
			BackupInstance (0ms)
			ReleaseScriptingObjects (0ms)
			CreateAndSetChildDomain (127ms)
		EndReloadAssembly (1591ms)
			LoadAssemblies (212ms)
			RebuildTransferFunctionScriptingTraits (0ms)
			SetupTypeCache (434ms)
			ReleaseScriptCaches (1ms)
			RebuildScriptCaches (41ms)
			SetupLoadedEditorAssemblies (860ms)
				LogAssemblyErrors (0ms)
				InitializePlatformSupportModulesInManaged (5ms)
				SetLoadedEditorAssemblies (1ms)
				RefreshPlugins (2ms)
				BeforeProcessingInitializeOnLoad (110ms)
				ProcessInitializeOnLoadAttributes (714ms)
				ProcessInitializeOnLoadMethodAttributes (19ms)
				AfterProcessingInitializeOnLoad (9ms)
				EditorAssembliesLoaded (0ms)
			ExecutionOrderSort2 (0ms)
			AwakeInstancesAfterBackupRestoration (16ms)
Platform modules already initialized, skipping
Refreshing native plugins compatible for Editor in 1.42 ms, found 6 plugins.
Preloading 0 native plugins for Editor in 0.00 ms.
Unloading 2838 Unused Serialized files (Serialized files now loaded: 0)
System memory in use before: 133.8 MB.
System memory in use after: 134.0 MB.

Unloading 75 unused Assets to reduce memory usage. Loaded Objects now: 3319.
Total: 3.167000 ms (FindLiveObjects: 0.213800 ms CreateObjectMapping: 0.110000 ms MarkObjects: 2.803600 ms  DeleteObjects: 0.038300 ms)

AssetImportParameters requested are different than current active one (requested -> active):
  custom:framework-win-MediaFoundation: 216162199b28c13a410421893ffa2e32 -> 
  custom:video-decoder-ogg-theora: a1e56fd34408186e4bbccfd4996cb3dc -> 
  custom:container-muxer-webm: aa71ff27fc2769a1b78a27578f13a17b -> 
  custom:container-demuxer-webm: 4f35f7cbe854078d1ac9338744f61a02 -> 
  custom:container-demuxer-ogg: 62fdf1f143b41e24485cea50d1cbac27 -> 
  custom:video-encoder-webm-vp8: eb34c28f22e8b96e1ab97ce403110664 -> 
  custom:video-codec-MediaFoundation-h265: 746d11721c4dcdbdad8f713fa42b33f4 -> 
  custom:video-decoder-webm-vp8: 9c59270c3fd7afecdb556c50c9e8de78 -> 
  custom:audio-decoder-ogg-vorbis: bf7c407c2cedff20999df2af8eb42d56 -> 
  custom:audio-encoder-webm-vorbis: bf7c407c2cedff20999df2af8eb42d56 -> 
========================================================================
Received Import Request.
  Time since last request: 63.114733 seconds.
  path: Assets/Scene/Demo.unity
  artifactKey: Guid(15771dedabd33b146b5638d7028329d8) Importer(815301076,1909f56bfc062723c751e8b465ee728b)
Start importing Assets/Scene/Demo.unity using Guid(15771dedabd33b146b5638d7028329d8) Importer(815301076,1909f56bfc062723c751e8b465ee728b)  -> (artifact id: '99f95cade79588807fa1641f03474340') in 0.071906 seconds 
  Import took 0.082895 seconds .

========================================================================
Received Import Request.
  Time since last request: 12.165961 seconds.
  path: Assets/Scene
  artifactKey: Guid(a41b1648e955dfd4c92349a55a6c0c1e) Importer(815301076,1909f56bfc062723c751e8b465ee728b)
Start importing Assets/Scene using Guid(a41b1648e955dfd4c92349a55a6c0c1e) Importer(815301076,1909f56bfc062723c751e8b465ee728b)  -> (artifact id: '3ba3d7ccb0209ee73ca4672fc4981915') in 0.066058 seconds 
  Import took 0.075003 seconds .

========================================================================
Received Import Request.
  Time since last request: 18.012987 seconds.
  path: Assets/Scene/Scene
  artifactKey: Guid(6a9a87fa903a1a64b82fc9875db3b675) Importer(815301076,1909f56bfc062723c751e8b465ee728b)
Start importing Assets/Scene/Scene using Guid(6a9a87fa903a1a64b82fc9875db3b675) Importer(815301076,1909f56bfc062723c751e8b465ee728b)  -> (artifact id: '7d2b3af7e1bbf8189897ef4da0f089f9') in 0.059161 seconds 
  Import took 0.070736 seconds .

========================================================================
Received Import Request.
  Time since last request: 114.934694 seconds.
  path: Assets/Scene/Scene/capstoneScene.unity
  artifactKey: Guid(8d82ec6bf88266443a6ee31cf27142d7) Importer(815301076,1909f56bfc062723c751e8b465ee728b)
Start importing Assets/Scene/Scene/capstoneScene.unity using Guid(8d82ec6bf88266443a6ee31cf27142d7) Importer(815301076,1909f56bfc062723c751e8b465ee728b)  -> (artifact id: '2fe00045015e7433f292473a4896261c') in 0.069488 seconds 
  Import took 0.077399 seconds .

========================================================================
Received Prepare
Registering precompiled user dll's ...
Registered in 0.076529 seconds.
Begin MonoManager ReloadAssembly
Native extension for WindowsStandalone target not found
Refreshing native plugins compatible for Editor in 1.88 ms, found 6 plugins.
Preloading 0 native plugins for Editor in 0.00 ms.
Mono: successfully reloaded assembly
- Completed reload, in  1.521 seconds
Domain Reload Profiling:
	ReloadAssembly (1522ms)
		BeginReloadAssembly (149ms)
			ExecutionOrderSort (0ms)
			DisableScriptedObjects (5ms)
			BackupInstance (0ms)
			ReleaseScriptingObjects (0ms)
			CreateAndSetChildDomain (44ms)
		EndReloadAssembly (1312ms)
			LoadAssemblies (151ms)
			RebuildTransferFunctionScriptingTraits (0ms)
			SetupTypeCache (327ms)
			ReleaseScriptCaches (1ms)
			RebuildScriptCaches (41ms)
			SetupLoadedEditorAssemblies (723ms)
				LogAssemblyErrors (0ms)
				InitializePlatformSupportModulesInManaged (5ms)
				SetLoadedEditorAssemblies (0ms)
				RefreshPlugins (2ms)
				BeforeProcessingInitializeOnLoad (92ms)
				ProcessInitializeOnLoadAttributes (606ms)
				ProcessInitializeOnLoadMethodAttributes (11ms)
				AfterProcessingInitializeOnLoad (6ms)
				EditorAssembliesLoaded (0ms)
			ExecutionOrderSort2 (0ms)
			AwakeInstancesAfterBackupRestoration (9ms)
Platform modules already initialized, skipping
Refreshing native plugins compatible for Editor in 1.77 ms, found 6 plugins.
Preloading 0 native plugins for Editor in 0.00 ms.
Unloading 2838 Unused Serialized files (Serialized files now loaded: 0)
System memory in use before: 133.9 MB.
System memory in use after: 134.1 MB.

Unloading 75 unused Assets to reduce memory usage. Loaded Objects now: 3323.
Total: 3.577900 ms (FindLiveObjects: 0.208200 ms CreateObjectMapping: 0.103700 ms MarkObjects: 3.216000 ms  DeleteObjects: 0.048300 ms)

AssetImportParameters requested are different than current active one (requested -> active):
  custom:framework-win-MediaFoundation: 216162199b28c13a410421893ffa2e32 -> 
  custom:video-decoder-ogg-theora: a1e56fd34408186e4bbccfd4996cb3dc -> 
  custom:container-muxer-webm: aa71ff27fc2769a1b78a27578f13a17b -> 
  custom:container-demuxer-webm: 4f35f7cbe854078d1ac9338744f61a02 -> 
  custom:container-demuxer-ogg: 62fdf1f143b41e24485cea50d1cbac27 -> 
  custom:video-encoder-webm-vp8: eb34c28f22e8b96e1ab97ce403110664 -> 
  custom:video-codec-MediaFoundation-h265: 746d11721c4dcdbdad8f713fa42b33f4 -> 
  custom:video-decoder-webm-vp8: 9c59270c3fd7afecdb556c50c9e8de78 -> 
  custom:audio-decoder-ogg-vorbis: bf7c407c2cedff20999df2af8eb42d56 -> 
  custom:audio-encoder-webm-vorbis: bf7c407c2cedff20999df2af8eb42d56 -> 
========================================================================
Received Import Request.
  Time since last request: 1984.509848 seconds.
  path: Assets/Scene/miro.unity
  artifactKey: Guid(a1ad0fe06289ce244aabcbcaa74bcb30) Importer(815301076,1909f56bfc062723c751e8b465ee728b)
Start importing Assets/Scene/miro.unity using Guid(a1ad0fe06289ce244aabcbcaa74bcb30) Importer(815301076,1909f56bfc062723c751e8b465ee728b)  -> (artifact id: 'f7ba0c01afb2ebb1701620f9333c66ab') in 0.646924 seconds 
  Import took 0.948546 seconds .

========================================================================
Received Import Request.
  Time since last request: 90.632426 seconds.
  path: Assets/paidAssets/Medieval_Fantasy_Glove-20220414T093711Z-001/Medieval_Fantasy_Glove/Assets/Prefabs/Medieval_Fantasy_Glove_Blue.prefab
  artifactKey: Guid(dafe114f6dcef5c43ad4ce27e5736ff7) Importer(815301076,1909f56bfc062723c751e8b465ee728b)
Start importing Assets/paidAssets/Medieval_Fantasy_Glove-20220414T093711Z-001/Medieval_Fantasy_Glove/Assets/Prefabs/Medieval_Fantasy_Glove_Blue.prefab using Guid(dafe114f6dcef5c43ad4ce27e5736ff7) Importer(815301076,1909f56bfc062723c751e8b465ee728b)  -> (artifact id: 'e8943ae6968695ff49ca951a23c56c75') in 0.294264 seconds 
  Import took 0.302203 seconds .

========================================================================
Received Import Request.
  Time since last request: 0.480352 seconds.
  path: Assets/paidAssets/Medieval_Fantasy_Glove-20220414T093711Z-001/Medieval_Fantasy_Glove/Assets/Prefabs/Medieval_Fantasy_Glove_Gold.prefab
  artifactKey: Guid(00674539b55f08a488ed24cac2664ca8) Importer(815301076,1909f56bfc062723c751e8b465ee728b)
Start importing Assets/paidAssets/Medieval_Fantasy_Glove-20220414T093711Z-001/Medieval_Fantasy_Glove/Assets/Prefabs/Medieval_Fantasy_Glove_Gold.prefab using Guid(00674539b55f08a488ed24cac2664ca8) Importer(815301076,1909f56bfc062723c751e8b465ee728b)  -> (artifact id: '2b4672b0613e12dfc907216357a2a32a') in 0.069644 seconds 
  Import took 0.079046 seconds .

========================================================================
Received Import Request.
  Time since last request: 0.033506 seconds.
  path: Assets/paidAssets/Medieval_Fantasy_Glove-20220414T093711Z-001/Medieval_Fantasy_Glove/Assets/Prefabs/Medieval_Fantasy_Glove_Green.prefab
  artifactKey: Guid(c006d457600981f4e928d5d6421eddbc) Importer(815301076,1909f56bfc062723c751e8b465ee728b)
Start importing Assets/paidAssets/Medieval_Fantasy_Glove-20220414T093711Z-001/Medieval_Fantasy_Glove/Assets/Prefabs/Medieval_Fantasy_Glove_Green.prefab using Guid(c006d457600981f4e928d5d6421eddbc) Importer(815301076,1909f56bfc062723c751e8b465ee728b)  -> (artifact id: 'bd29fa34b1e7c458ec322c2fdb0eb746') in 0.070885 seconds 
  Import took 0.080066 seconds .

========================================================================
Received Import Request.
  Time since last request: 0.091349 seconds.
  path: Assets/paidAssets/Medieval_Fantasy_Glove-20220414T093711Z-001/Medieval_Fantasy_Glove/Assets/Prefabs/Medieval_Fantasy_Glove_Left.prefab
  artifactKey: Guid(7ba9bf18fc07b9d45b7f4496904860ff) Importer(815301076,1909f56bfc062723c751e8b465ee728b)
Start importing Assets/paidAssets/Medieval_Fantasy_Glove-20220414T093711Z-001/Medieval_Fantasy_Glove/Assets/Prefabs/Medieval_Fantasy_Glove_Left.prefab using Guid(7ba9bf18fc07b9d45b7f4496904860ff) Importer(815301076,1909f56bfc062723c751e8b465ee728b)  -> (artifact id: '086da603a7e044df8e241af1818460e9') in 0.442489 seconds 
  Import took 0.659071 seconds .

========================================================================
Received Import Request.
  Time since last request: 0.189061 seconds.
  path: Assets/paidAssets/Medieval_Fantasy_Glove-20220414T093711Z-001/Medieval_Fantasy_Glove/Assets/Prefabs/Medieval_Fantasy_Glove_Red.prefab
  artifactKey: Guid(aefaeecd0b5d20b42a95826d13717306) Importer(815301076,1909f56bfc062723c751e8b465ee728b)
Start importing Assets/paidAssets/Medieval_Fantasy_Glove-20220414T093711Z-001/Medieval_Fantasy_Glove/Assets/Prefabs/Medieval_Fantasy_Glove_Red.prefab using Guid(aefaeecd0b5d20b42a95826d13717306) Importer(815301076,1909f56bfc062723c751e8b465ee728b)  -> (artifact id: '92928542bb9ea3d8d4aeedd4dc40417d') in 0.071870 seconds 
  Import took 0.078887 seconds .

========================================================================
Received Import Request.
  Time since last request: 0.247491 seconds.
  path: Assets/paidAssets/Medieval_Fantasy_Glove-20220414T093711Z-001/Medieval_Fantasy_Glove/Assets/Prefabs/Medieval_Fantasy_Glove_Right.prefab
  artifactKey: Guid(7ca03c89f8a299b4ea7f4e05fc34d35c) Importer(815301076,1909f56bfc062723c751e8b465ee728b)
Start importing Assets/paidAssets/Medieval_Fantasy_Glove-20220414T093711Z-001/Medieval_Fantasy_Glove/Assets/Prefabs/Medieval_Fantasy_Glove_Right.prefab using Guid(7ca03c89f8a299b4ea7f4e05fc34d35c) Importer(815301076,1909f56bfc062723c751e8b465ee728b)  -> (artifact id: '125938433c2bd3f79d04f8ee7bdfd62f') in 0.062134 seconds 
  Import took 0.070875 seconds .

========================================================================
Received Import Request.
  Time since last request: 0.279032 seconds.
  path: Assets/paidAssets/Medieval_Fantasy_Glove-20220414T093711Z-001/Medieval_Fantasy_Glove/Assets/Prefabs/Medieval_Fantasy_Glove_Yellow.prefab
  artifactKey: Guid(3dca3fda988b9ef40b79248d851506e8) Importer(815301076,1909f56bfc062723c751e8b465ee728b)
Start importing Assets/paidAssets/Medieval_Fantasy_Glove-20220414T093711Z-001/Medieval_Fantasy_Glove/Assets/Prefabs/Medieval_Fantasy_Glove_Yellow.prefab using Guid(3dca3fda988b9ef40b79248d851506e8) Importer(815301076,1909f56bfc062723c751e8b465ee728b)  -> (artifact id: '1fa0050a3150d734dc223b1bd0192cdb') in 0.068626 seconds 
  Import took 0.079165 seconds .

========================================================================
Received Import Request.
  Time since last request: 4.234854 seconds.
  path: Assets/paidAssets/Medieval_Fantasy_Glove-20220414T093711Z-001/Medieval_Fantasy_Glove/Assets/Prefabs/Medieval_Fantasy_Glove_Pink.prefab
  artifactKey: Guid(b3a0f09d46592fb41b905a9a0bf13414) Importer(815301076,1909f56bfc062723c751e8b465ee728b)
Start importing Assets/paidAssets/Medieval_Fantasy_Glove-20220414T093711Z-001/Medieval_Fantasy_Glove/Assets/Prefabs/Medieval_Fantasy_Glove_Pink.prefab using Guid(b3a0f09d46592fb41b905a9a0bf13414) Importer(815301076,1909f56bfc062723c751e8b465ee728b)  -> (artifact id: 'fb0dca42be12eaf493ec3185ff990fb7') in 0.077593 seconds 
  Import took 0.085930 seconds .

========================================================================
Received Import Request.
  Time since last request: 145.308011 seconds.
  path: Assets/paidAssets/Sci-fi sphere vol 3-20220414T093916Z-001/Sci-fi sphere vol 3/sci_fi_sphere.dae
  artifactKey: Guid(8ac2613024cbf2c4a856fa469bd25843) Importer(815301076,1909f56bfc062723c751e8b465ee728b)
Start importing Assets/paidAssets/Sci-fi sphere vol 3-20220414T093916Z-001/Sci-fi sphere vol 3/sci_fi_sphere.dae using Guid(8ac2613024cbf2c4a856fa469bd25843) Importer(815301076,1909f56bfc062723c751e8b465ee728b)  -> (artifact id: '3be396d7a5c0a34f95fe41d7fd9cc6d6') in 0.876625 seconds 
  Import took 0.886464 seconds .

========================================================================
Received Import Request.
  Time since last request: 0.000336 seconds.
  path: Assets/paidAssets/Sci-fi sphere vol 3-20220414T093916Z-001/Sci-fi sphere vol 3/sci_fi_sphere.obj
  artifactKey: Guid(d881d4f7d82e1624fb01fe0b3e6c3cad) Importer(815301076,1909f56bfc062723c751e8b465ee728b)
Start importing Assets/paidAssets/Sci-fi sphere vol 3-20220414T093916Z-001/Sci-fi sphere vol 3/sci_fi_sphere.obj using Guid(d881d4f7d82e1624fb01fe0b3e6c3cad) Importer(815301076,1909f56bfc062723c751e8b465ee728b)  -> (artifact id: 'eb90b96081f09f4583d7880177687354') in 0.221763 seconds 
  Import took 0.229537 seconds .

========================================================================
Received Import Request.
  Time since last request: 3.898552 seconds.
  path: Assets/paidAssets/Sci-fi sphere vol 3-20220414T093916Z-001/Sci-fi sphere vol 3/Prefabs/Sci-fi sphere (1).prefab
  artifactKey: Guid(e14dfc6e96589d947a59687bf1cb93e3) Importer(815301076,1909f56bfc062723c751e8b465ee728b)
Start importing Assets/paidAssets/Sci-fi sphere vol 3-20220414T093916Z-001/Sci-fi sphere vol 3/Prefabs/Sci-fi sphere (1).prefab using Guid(e14dfc6e96589d947a59687bf1cb93e3) Importer(815301076,1909f56bfc062723c751e8b465ee728b)  -> (artifact id: '982c256bc84de4ca88778f2eec0070ca') in 0.210130 seconds 
  Import took 0.220628 seconds .

========================================================================
Received Import Request.
  Time since last request: 45.383178 seconds.
  path: Assets/paidAssets/Sci-fi sphere vol 3-20220414T093916Z-001/Sci-fi sphere vol 3/Prefabs/Sci-fi sphere.prefab
  artifactKey: Guid(d58bd5ffd223d56499f8322aa5bf6ad2) Importer(815301076,1909f56bfc062723c751e8b465ee728b)
Start importing Assets/paidAssets/Sci-fi sphere vol 3-20220414T093916Z-001/Sci-fi sphere vol 3/Prefabs/Sci-fi sphere.prefab using Guid(d58bd5ffd223d56499f8322aa5bf6ad2) Importer(815301076,1909f56bfc062723c751e8b465ee728b)  -> (artifact id: '33b685901cfbfa4da6342763aa27553c') in 0.159483 seconds 
  Import took 0.168682 seconds .

========================================================================
Received Import Request.
  Time since last request: 77.046375 seconds.
  path: Assets/paidAssets/Medieval_Fantasy_Glove/Assets/Prefabs/Medieval_Fantasy_Glove_Gold.prefab
  artifactKey: Guid(1452dccaafd84b049a40cd131408763c) Importer(815301076,1909f56bfc062723c751e8b465ee728b)
Start importing Assets/paidAssets/Medieval_Fantasy_Glove/Assets/Prefabs/Medieval_Fantasy_Glove_Gold.prefab using Guid(1452dccaafd84b049a40cd131408763c) Importer(815301076,1909f56bfc062723c751e8b465ee728b)  -> (artifact id: 'd19c530fdd44e9d89667d1949788a2c2') in 0.069301 seconds 
  Import took 0.077357 seconds .

========================================================================
Received Import Request.
  Time since last request: 21.790872 seconds.
  path: Assets/paidAssets/Medieval_Fantasy_Glove/Assets/Prefabs/Medieval_Fantasy_Glove_Blue.prefab
  artifactKey: Guid(0d40e277f27b5f145a09070c41729bad) Importer(815301076,1909f56bfc062723c751e8b465ee728b)
Start importing Assets/paidAssets/Medieval_Fantasy_Glove/Assets/Prefabs/Medieval_Fantasy_Glove_Blue.prefab using Guid(0d40e277f27b5f145a09070c41729bad) Importer(815301076,1909f56bfc062723c751e8b465ee728b)  -> (artifact id: '6e16f1872fa06f660648d3783e45c0d1') in 0.066129 seconds 
  Import took 0.074771 seconds .

========================================================================
Received Import Request.
  Time since last request: 113.424839 seconds.
  path: Assets/paidAssets/Medieval_Fantasy_Glove/Assets/Prefabs/Medieval_Fantasy_Glove_Green.prefab
  artifactKey: Guid(a54ba17a4d913954ea987bc0a4e1e3cf) Importer(815301076,1909f56bfc062723c751e8b465ee728b)
Start importing Assets/paidAssets/Medieval_Fantasy_Glove/Assets/Prefabs/Medieval_Fantasy_Glove_Green.prefab using Guid(a54ba17a4d913954ea987bc0a4e1e3cf) Importer(815301076,1909f56bfc062723c751e8b465ee728b)  -> (artifact id: '76cd7f3dd23b0c7873bd247bcdc018b2') in 0.133243 seconds 
  Import took 0.140164 seconds .

========================================================================
Received Import Request.
  Time since last request: 0.260561 seconds.
  path: Assets/paidAssets/Medieval_Fantasy_Glove/Assets/Prefabs/Medieval_Fantasy_Glove_Gold.prefab
  artifactKey: Guid(9619ff6d4fe4f6d4a8e8e1a5aa1bab2a) Importer(815301076,1909f56bfc062723c751e8b465ee728b)
Start importing Assets/paidAssets/Medieval_Fantasy_Glove/Assets/Prefabs/Medieval_Fantasy_Glove_Gold.prefab using Guid(9619ff6d4fe4f6d4a8e8e1a5aa1bab2a) Importer(815301076,1909f56bfc062723c751e8b465ee728b)  -> (artifact id: 'ff517a73ba6928332c0267bb8679bb1a') in 0.125679 seconds 
  Import took 0.131105 seconds .

========================================================================
Received Import Request.
  Time since last request: 33.486317 seconds.
  path: Assets/Scene/hospital.unity
  artifactKey: Guid(a387106ae4f92ae40b64c9d381192cf4) Importer(815301076,1909f56bfc062723c751e8b465ee728b)
Start importing Assets/Scene/hospital.unity using Guid(a387106ae4f92ae40b64c9d381192cf4) Importer(815301076,1909f56bfc062723c751e8b465ee728b)  -> (artifact id: '0c55042147d3d68e328da8170d1945bb') in 0.066844 seconds 
  Import took 0.074775 seconds .

AssetImportWorkerClient::OnTransportError - code=2 error=End of file
