Using pre-set license
Built from '2020.3/staging' branch; Version is '2020.3.26f1 (7298b473bc1a) revision 7510196'; Using compiler version '192528614'; Build Type 'Release'
OS: 'Windows 11  (10.0.22000) 64bit Core' Language: 'ko' Physical Memory: 7778 MB
BatchMode: 1, IsHumanControllingUs: 0, StartBugReporterOnCrash: 0, Is64bit: 1, IsPro: 0

COMMAND LINE ARGUMENTS:
F:\Program Files\Unity\Hub\Editor\2020.3.26f1\Editor\Unity.exe
-adb2
-batchMode
-noUpm
-name
AssetImportWorker29
-projectPath
F:/Projects/Unity Projects/CapstoneProject
-logFile
Logs/AssetImportWorker29.log
-srvPort
7558
Successfully changed project path to: F:/Projects/Unity Projects/CapstoneProject
F:/Projects/Unity Projects/CapstoneProject
Using Asset Import Pipeline V2.
Refreshing native plugins compatible for Editor in 208.57 ms, found 7 plugins.
Preloading 0 native plugins for Editor in 0.00 ms.
Initialize engine version: 2020.3.26f1 (7298b473bc1a)
[Subsystems] Discovering subsystems at path F:/Program Files/Unity/Hub/Editor/2020.3.26f1/Editor/Data/Resources/UnitySubsystems
[Subsystems] Discovering subsystems at path F:/Projects/Unity Projects/CapstoneProject/Assets
GfxDevice: creating device client; threaded=0
Direct3D:
    Version:  Direct3D 11.0 [level 11.1]
    Renderer: Intel(R) Iris(R) Plus Graphics (ID=0x8a52)
    Vendor:   
    VRAM:     3889 MB
    Driver:   30.0.101.1660
Initialize mono
Mono path[0] = 'F:/Program Files/Unity/Hub/Editor/2020.3.26f1/Editor/Data/Managed'
Mono path[1] = 'F:/Program Files/Unity/Hub/Editor/2020.3.26f1/Editor/Data/MonoBleedingEdge/lib/mono/unityjit'
Mono config path = 'F:/Program Files/Unity/Hub/Editor/2020.3.26f1/Editor/Data/MonoBleedingEdge/etc'
Using monoOptions --debugger-agent=transport=dt_socket,embedding=1,server=y,suspend=n,address=127.0.0.1:56584
Begin MonoManager ReloadAssembly
Registering precompiled unity dll's ...
Register platform support module: F:/Program Files/Unity/Hub/Editor/2020.3.26f1/Editor/Data/PlaybackEngines/WindowsStandaloneSupport/UnityEditor.WindowsStandalone.Extensions.dll
Registered in 0.003958 seconds.
Native extension for WindowsStandalone target not found
Refreshing native plugins compatible for Editor in 181.40 ms, found 7 plugins.
Preloading 0 native plugins for Editor in 0.00 ms.
Mono: successfully reloaded assembly
- Completed reload, in  0.973 seconds
Domain Reload Profiling:
	ReloadAssembly (974ms)
		BeginReloadAssembly (118ms)
			ExecutionOrderSort (0ms)
			DisableScriptedObjects (0ms)
			BackupInstance (0ms)
			ReleaseScriptingObjects (0ms)
			CreateAndSetChildDomain (1ms)
		EndReloadAssembly (753ms)
			LoadAssemblies (114ms)
			RebuildTransferFunctionScriptingTraits (0ms)
			SetupTypeCache (190ms)
			ReleaseScriptCaches (0ms)
			RebuildScriptCaches (37ms)
			SetupLoadedEditorAssemblies (370ms)
				LogAssemblyErrors (0ms)
				InitializePlatformSupportModulesInManaged (8ms)
				SetLoadedEditorAssemblies (0ms)
				RefreshPlugins (182ms)
				BeforeProcessingInitializeOnLoad (23ms)
				ProcessInitializeOnLoadAttributes (120ms)
				ProcessInitializeOnLoadMethodAttributes (38ms)
				AfterProcessingInitializeOnLoad (0ms)
				EditorAssembliesLoaded (0ms)
			ExecutionOrderSort2 (0ms)
			AwakeInstancesAfterBackupRestoration (0ms)
Platform modules already initialized, skipping
Registering precompiled user dll's ...
Registered in 0.041798 seconds.
Begin MonoManager ReloadAssembly
Native extension for WindowsStandalone target not found
Refreshing native plugins compatible for Editor in 1.53 ms, found 7 plugins.
Preloading 0 native plugins for Editor in 0.00 ms.
Mono: successfully reloaded assembly
- Completed reload, in 12.725 seconds
Domain Reload Profiling:
	ReloadAssembly (12732ms)
		BeginReloadAssembly (276ms)
			ExecutionOrderSort (0ms)
			DisableScriptedObjects (7ms)
			BackupInstance (0ms)
			ReleaseScriptingObjects (0ms)
			CreateAndSetChildDomain (22ms)
		EndReloadAssembly (12343ms)
			LoadAssemblies (5986ms)
			RebuildTransferFunctionScriptingTraits (0ms)
			SetupTypeCache (438ms)
			ReleaseScriptCaches (1ms)
			RebuildScriptCaches (70ms)
			SetupLoadedEditorAssemblies (5854ms)
				LogAssemblyErrors (0ms)
				InitializePlatformSupportModulesInManaged (6ms)
				SetLoadedEditorAssemblies (1ms)
				RefreshPlugins (2ms)
				BeforeProcessingInitializeOnLoad (126ms)
				ProcessInitializeOnLoadAttributes (3320ms)
				ProcessInitializeOnLoadMethodAttributes (2389ms)
				AfterProcessingInitializeOnLoad (11ms)
				EditorAssembliesLoaded (0ms)
			ExecutionOrderSort2 (0ms)
			AwakeInstancesAfterBackupRestoration (6ms)
Platform modules already initialized, skipping
========================================================================
Worker process is ready to serve import requests
Launched and connected shader compiler UnityShaderCompiler.exe after 0.18 seconds
Refreshing native plugins compatible for Editor in 1.61 ms, found 7 plugins.
Preloading 0 native plugins for Editor in 0.00 ms.
Unloading 3346 Unused Serialized files (Serialized files now loaded: 0)
System memory in use before: 236.2 MB.
System memory in use after: 236.4 MB.

Unloading 85 unused Assets to reduce memory usage. Loaded Objects now: 3740.
Total: 3.598900 ms (FindLiveObjects: 0.251100 ms CreateObjectMapping: 0.150600 ms MarkObjects: 3.068100 ms  DeleteObjects: 0.128100 ms)

AssetImportParameters requested are different than current active one (requested -> active):
  custom:framework-win-MediaFoundation: 216162199b28c13a410421893ffa2e32 -> 
  custom:video-decoder-ogg-theora: a1e56fd34408186e4bbccfd4996cb3dc -> 
  custom:container-muxer-webm: aa71ff27fc2769a1b78a27578f13a17b -> 
  custom:container-demuxer-webm: 4f35f7cbe854078d1ac9338744f61a02 -> 
  custom:container-demuxer-ogg: 62fdf1f143b41e24485cea50d1cbac27 -> 
  custom:video-encoder-webm-vp8: eb34c28f22e8b96e1ab97ce403110664 -> 
  custom:video-codec-MediaFoundation-h265: 746d11721c4dcdbdad8f713fa42b33f4 -> 
  custom:video-decoder-webm-vp8: 9c59270c3fd7afecdb556c50c9e8de78 -> 
  custom:audio-decoder-ogg-vorbis: bf7c407c2cedff20999df2af8eb42d56 -> 
  custom:audio-encoder-webm-vorbis: bf7c407c2cedff20999df2af8eb42d56 -> 
========================================================================
Received Import Request.
  path: Assets/01.Scenes/2nd secondFloor.unity
  artifactKey: Guid(b813db32456009b42b0cdc8f9dfc37a6) Importer(815301076,1909f56bfc062723c751e8b465ee728b)
Start importing Assets/01.Scenes/2nd secondFloor.unity using Guid(b813db32456009b42b0cdc8f9dfc37a6) Importer(815301076,1909f56bfc062723c751e8b465ee728b)  -> (artifact id: '699ddfe79cbd3c8df392eb31ff7f9ce0') in 0.092970 seconds 
  Import took 0.108175 seconds .

========================================================================
Received Import Request.
  Time since last request: 65.642686 seconds.
  path: Assets/Sci Fi Gun Light/_prefabs/GunLight
  artifactKey: Guid(725e685d852ada3489cd8f7d9f441221) Importer(815301076,1909f56bfc062723c751e8b465ee728b)
Start importing Assets/Sci Fi Gun Light/_prefabs/GunLight using Guid(725e685d852ada3489cd8f7d9f441221) Importer(815301076,1909f56bfc062723c751e8b465ee728b)  -> (artifact id: '7a665e138414085a72b74d3444dfe2dc') in 0.063289 seconds 
  Import took 0.073706 seconds .

========================================================================
Received Import Request.
  Time since last request: 142.040462 seconds.
  path: Assets/paidAssets/effects/ARPG Effects/Prefabs/Interactive/Zones/Zone 2
  artifactKey: Guid(05951413cd128d145b9ec959b46f8fa0) Importer(815301076,1909f56bfc062723c751e8b465ee728b)
Start importing Assets/paidAssets/effects/ARPG Effects/Prefabs/Interactive/Zones/Zone 2 using Guid(05951413cd128d145b9ec959b46f8fa0) Importer(815301076,1909f56bfc062723c751e8b465ee728b)  -> (artifact id: '247cc0995278cc1d9b0f587aff37423d') in 0.062356 seconds 
  Import took 0.076765 seconds .

========================================================================
Received Prepare
Refreshing native plugins compatible for Editor in 46.34 ms, found 7 plugins.
Preloading 0 native plugins for Editor in 0.00 ms.
Unloading 75 Unused Serialized files (Serialized files now loaded: 0)
System memory in use before: 163.8 MB.
System memory in use after: 164.1 MB.

Unloading 75 unused Assets to reduce memory usage. Loaded Objects now: 3740.
Total: 4.881400 ms (FindLiveObjects: 0.239800 ms CreateObjectMapping: 0.123700 ms MarkObjects: 4.471600 ms  DeleteObjects: 0.045000 ms)

AssetImportParameters requested are different than current active one (requested -> active):
  custom:framework-win-MediaFoundation: 216162199b28c13a410421893ffa2e32 -> 
  custom:video-decoder-ogg-theora: a1e56fd34408186e4bbccfd4996cb3dc -> 
  custom:container-muxer-webm: aa71ff27fc2769a1b78a27578f13a17b -> 
  custom:container-demuxer-webm: 4f35f7cbe854078d1ac9338744f61a02 -> 
  custom:container-demuxer-ogg: 62fdf1f143b41e24485cea50d1cbac27 -> 
  custom:video-encoder-webm-vp8: eb34c28f22e8b96e1ab97ce403110664 -> 
  custom:video-codec-MediaFoundation-h265: 746d11721c4dcdbdad8f713fa42b33f4 -> 
  custom:video-decoder-webm-vp8: 9c59270c3fd7afecdb556c50c9e8de78 -> 
  custom:audio-decoder-ogg-vorbis: bf7c407c2cedff20999df2af8eb42d56 -> 
  custom:audio-encoder-webm-vorbis: bf7c407c2cedff20999df2af8eb42d56 -> 
========================================================================
Received Import Request.
  Time since last request: 328.016613 seconds.
  path: Assets/paidAssets/effects/ARPG Effects/Prefabs/Interactive/Zones/Zone 2/QuestZone2Purple.prefab
  artifactKey: Guid(47f883308369633468afc745c2a9f556) Importer(815301076,1909f56bfc062723c751e8b465ee728b)
Start importing Assets/paidAssets/effects/ARPG Effects/Prefabs/Interactive/Zones/Zone 2/QuestZone2Purple.prefab using Guid(47f883308369633468afc745c2a9f556) Importer(815301076,1909f56bfc062723c751e8b465ee728b)  -> (artifact id: 'cdf11444b8bbfed09d092b45d136feea') in 0.382610 seconds 
  Import took 0.396297 seconds .

========================================================================
Received Prepare
Registering precompiled user dll's ...
Registered in 2.961170 seconds.
Begin MonoManager ReloadAssembly
Native extension for WindowsStandalone target not found
Refreshing native plugins compatible for Editor in 1.51 ms, found 7 plugins.
Preloading 0 native plugins for Editor in 0.00 ms.
Mono: successfully reloaded assembly
- Completed reload, in 13.010 seconds
Domain Reload Profiling:
	ReloadAssembly (13011ms)
		BeginReloadAssembly (198ms)
			ExecutionOrderSort (0ms)
			DisableScriptedObjects (4ms)
			BackupInstance (0ms)
			ReleaseScriptingObjects (0ms)
			CreateAndSetChildDomain (54ms)
		EndReloadAssembly (12737ms)
			LoadAssemblies (8716ms)
			RebuildTransferFunctionScriptingTraits (0ms)
			SetupTypeCache (347ms)
			ReleaseScriptCaches (1ms)
			RebuildScriptCaches (45ms)
			SetupLoadedEditorAssemblies (3552ms)
				LogAssemblyErrors (0ms)
				InitializePlatformSupportModulesInManaged (6ms)
				SetLoadedEditorAssemblies (1ms)
				RefreshPlugins (2ms)
				BeforeProcessingInitializeOnLoad (109ms)
				ProcessInitializeOnLoadAttributes (943ms)
				ProcessInitializeOnLoadMethodAttributes (2479ms)
				AfterProcessingInitializeOnLoad (13ms)
				EditorAssembliesLoaded (0ms)
			ExecutionOrderSort2 (0ms)
			AwakeInstancesAfterBackupRestoration (8ms)
Platform modules already initialized, skipping
Refreshing native plugins compatible for Editor in 1.55 ms, found 7 plugins.
Preloading 0 native plugins for Editor in 0.00 ms.
Unloading 3246 Unused Serialized files (Serialized files now loaded: 0)
System memory in use before: 229.8 MB.
System memory in use after: 230.0 MB.

Unloading 79 unused Assets to reduce memory usage. Loaded Objects now: 3751.
Total: 4.260300 ms (FindLiveObjects: 0.225500 ms CreateObjectMapping: 0.123400 ms MarkObjects: 3.864200 ms  DeleteObjects: 0.045300 ms)

AssetImportParameters requested are different than current active one (requested -> active):
  custom:framework-win-MediaFoundation: 216162199b28c13a410421893ffa2e32 -> 
  custom:video-decoder-ogg-theora: a1e56fd34408186e4bbccfd4996cb3dc -> 
  custom:container-muxer-webm: aa71ff27fc2769a1b78a27578f13a17b -> 
  custom:container-demuxer-webm: 4f35f7cbe854078d1ac9338744f61a02 -> 
  custom:container-demuxer-ogg: 62fdf1f143b41e24485cea50d1cbac27 -> 
  custom:video-encoder-webm-vp8: eb34c28f22e8b96e1ab97ce403110664 -> 
  custom:video-codec-MediaFoundation-h265: 746d11721c4dcdbdad8f713fa42b33f4 -> 
  custom:video-decoder-webm-vp8: 9c59270c3fd7afecdb556c50c9e8de78 -> 
  custom:audio-decoder-ogg-vorbis: bf7c407c2cedff20999df2af8eb42d56 -> 
  custom:audio-encoder-webm-vorbis: bf7c407c2cedff20999df2af8eb42d56 -> 
========================================================================
Received Import Request.
  Time since last request: 549.754685 seconds.
  path: Assets/01.Scenes/2nd firstFloor.unity
  artifactKey: Guid(8d82ec6bf88266443a6ee31cf27142d7) Importer(815301076,1909f56bfc062723c751e8b465ee728b)
Start importing Assets/01.Scenes/2nd firstFloor.unity using Guid(8d82ec6bf88266443a6ee31cf27142d7) Importer(815301076,1909f56bfc062723c751e8b465ee728b)  -> (artifact id: 'd1a4b753ae7c17c2a364cd6d1325d9b0') in 0.100704 seconds 
  Import took 0.116527 seconds .

========================================================================
Received Import Request.
  Time since last request: 32.986351 seconds.
  path: Assets/01.Scenes/1st firstFloor.unity
  artifactKey: Guid(579c4c402f65c3d46a7bf7c3c03204f5) Importer(815301076,1909f56bfc062723c751e8b465ee728b)
Start importing Assets/01.Scenes/1st firstFloor.unity using Guid(579c4c402f65c3d46a7bf7c3c03204f5) Importer(815301076,1909f56bfc062723c751e8b465ee728b)  -> (artifact id: 'acb761d2b0101c921e21fb35e323870a') in 0.061295 seconds 
  Import took 0.074111 seconds .

========================================================================
Received Import Request.
  Time since last request: 6.205080 seconds.
  path: Assets/01.Scenes/1st turnul.unity
  artifactKey: Guid(1fad6c7ee1223bb44b325f538f9fcdae) Importer(815301076,1909f56bfc062723c751e8b465ee728b)
Start importing Assets/01.Scenes/1st turnul.unity using Guid(1fad6c7ee1223bb44b325f538f9fcdae) Importer(815301076,1909f56bfc062723c751e8b465ee728b)  -> (artifact id: '5576d4befa32e2ca79e0a3a6e4fcd2f0') in 0.064314 seconds 
  Import took 0.074223 seconds .

========================================================================
Received Import Request.
  Time since last request: 0.473293 seconds.
  path: Assets/01.Scenes/1st thirdFloor.unity
  artifactKey: Guid(123150058d29ea544aa4358c53dbc48a) Importer(815301076,1909f56bfc062723c751e8b465ee728b)
Start importing Assets/01.Scenes/1st thirdFloor.unity using Guid(123150058d29ea544aa4358c53dbc48a) Importer(815301076,1909f56bfc062723c751e8b465ee728b)  -> (artifact id: 'b6715c2f155d0d8ef1a7e6eea5a810fa') in 0.071212 seconds 
  Import took 0.080261 seconds .

========================================================================
Received Import Request.
  Time since last request: 3.415404 seconds.
  path: Assets/01.Scenes/2nd secondFloor.unity
  artifactKey: Guid(b813db32456009b42b0cdc8f9dfc37a6) Importer(815301076,1909f56bfc062723c751e8b465ee728b)
Start importing Assets/01.Scenes/2nd secondFloor.unity using Guid(b813db32456009b42b0cdc8f9dfc37a6) Importer(815301076,1909f56bfc062723c751e8b465ee728b)  -> (artifact id: 'acd0d60762f506fa9d2e19c1b602c422') in 0.069327 seconds 
  Import took 0.076794 seconds .

========================================================================
Received Import Request.
  Time since last request: 1.295335 seconds.
  path: Assets/01.Scenes/2nd thirdFloor.unity
  artifactKey: Guid(3dce0d3c2cd92b44fb7f5783d66befc8) Importer(815301076,1909f56bfc062723c751e8b465ee728b)
Start importing Assets/01.Scenes/2nd thirdFloor.unity using Guid(3dce0d3c2cd92b44fb7f5783d66befc8) Importer(815301076,1909f56bfc062723c751e8b465ee728b)  -> (artifact id: 'f2337c07ef3bc9177a851377c07a8cc5') in 0.066036 seconds 
  Import took 0.079557 seconds .

========================================================================
Received Prepare
Refreshing native plugins compatible for Editor in 64.71 ms, found 7 plugins.
Preloading 0 native plugins for Editor in 0.00 ms.
Unloading 75 Unused Serialized files (Serialized files now loaded: 0)
System memory in use before: 167.1 MB.
System memory in use after: 167.3 MB.

Unloading 75 unused Assets to reduce memory usage. Loaded Objects now: 3751.
Total: 4.568500 ms (FindLiveObjects: 0.238100 ms CreateObjectMapping: 0.117000 ms MarkObjects: 4.161200 ms  DeleteObjects: 0.050300 ms)

AssetImportParameters requested are different than current active one (requested -> active):
  custom:framework-win-MediaFoundation: 216162199b28c13a410421893ffa2e32 -> 
  custom:video-decoder-ogg-theora: a1e56fd34408186e4bbccfd4996cb3dc -> 
  custom:container-muxer-webm: aa71ff27fc2769a1b78a27578f13a17b -> 
  custom:container-demuxer-webm: 4f35f7cbe854078d1ac9338744f61a02 -> 
  custom:container-demuxer-ogg: 62fdf1f143b41e24485cea50d1cbac27 -> 
  custom:video-encoder-webm-vp8: eb34c28f22e8b96e1ab97ce403110664 -> 
  custom:video-codec-MediaFoundation-h265: 746d11721c4dcdbdad8f713fa42b33f4 -> 
  custom:video-decoder-webm-vp8: 9c59270c3fd7afecdb556c50c9e8de78 -> 
  custom:audio-decoder-ogg-vorbis: bf7c407c2cedff20999df2af8eb42d56 -> 
  custom:audio-encoder-webm-vorbis: bf7c407c2cedff20999df2af8eb42d56 -> 
